  Source.cpp
C:\Users\saifa\source\repos\Star Topology\Star Topology\Source.cpp(10,25): warning C4305: 'initializing': truncation from 'double' to 'float'
C:\Users\saifa\source\repos\Star Topology\Star Topology\Source.cpp(11,25): warning C4305: 'initializing': truncation from 'double' to 'float'
C:\Users\saifa\source\repos\Star Topology\Star Topology\Source.cpp(12,25): warning C4305: 'initializing': truncation from 'double' to 'float'
C:\Users\saifa\source\repos\Star Topology\Star Topology\Source.cpp(13,27): warning C4305: 'initializing': truncation from 'double' to 'float'
C:\Users\saifa\source\repos\Star Topology\Star Topology\Source.cpp(14,25): warning C4305: 'initializing': truncation from 'double' to 'float'
C:\Users\saifa\source\repos\Star Topology\Star Topology\Source.cpp(19,17): warning C4305: 'initializing': truncation from 'double' to 'float'
C:\Users\saifa\source\repos\Star Topology\Star Topology\Source.cpp(19,29): warning C4305: 'initializing': truncation from 'double' to 'float'
C:\Users\saifa\source\repos\Star Topology\Star Topology\Source.cpp(19,40): warning C4305: 'initializing': truncation from 'double' to 'float'
C:\Users\saifa\source\repos\Star Topology\Star Topology\Source.cpp(20,17): warning C4305: 'initializing': truncation from 'double' to 'float'
C:\Users\saifa\source\repos\Star Topology\Star Topology\Source.cpp(20,29): warning C4305: 'initializing': truncation from 'double' to 'float'
C:\Users\saifa\source\repos\Star Topology\Star Topology\Source.cpp(20,40): warning C4305: 'initializing': truncation from 'double' to 'float'
C:\Users\saifa\source\repos\Star Topology\Star Topology\Source.cpp(21,17): warning C4305: 'initializing': truncation from 'double' to 'float'
C:\Users\saifa\source\repos\Star Topology\Star Topology\Source.cpp(21,29): warning C4305: 'initializing': truncation from 'double' to 'float'
C:\Users\saifa\source\repos\Star Topology\Star Topology\Source.cpp(21,40): warning C4305: 'initializing': truncation from 'double' to 'float'
C:\Users\saifa\source\repos\Star Topology\Star Topology\Source.cpp(22,17): warning C4305: 'initializing': truncation from 'double' to 'float'
C:\Users\saifa\source\repos\Star Topology\Star Topology\Source.cpp(22,29): warning C4305: 'initializing': truncation from 'double' to 'float'
C:\Users\saifa\source\repos\Star Topology\Star Topology\Source.cpp(22,40): warning C4305: 'initializing': truncation from 'double' to 'float'
C:\Users\saifa\source\repos\Star Topology\Star Topology\Source.cpp(38,20): warning C4305: 'argument': truncation from 'double' to 'GLfloat'
C:\Users\saifa\source\repos\Star Topology\Star Topology\Source.cpp(43,42): warning C4305: 'argument': truncation from 'double' to 'GLfloat'
C:\Users\saifa\source\repos\Star Topology\Star Topology\Source.cpp(45,22): warning C4305: 'argument': truncation from 'double' to 'GLfloat'
C:\Users\saifa\source\repos\Star Topology\Star Topology\Source.cpp(49,30): warning C4305: 'argument': truncation from 'double' to 'GLfloat'
C:\Users\saifa\source\repos\Star Topology\Star Topology\Source.cpp(51,25): warning C4305: 'argument': truncation from 'double' to 'GLfloat'
C:\Users\saifa\source\repos\Star Topology\Star Topology\Source.cpp(52,22): warning C4305: 'argument': truncation from 'double' to 'GLfloat'
C:\Users\saifa\source\repos\Star Topology\Star Topology\Source.cpp(58,29): warning C4305: 'argument': truncation from 'double' to 'GLfloat'
C:\Users\saifa\source\repos\Star Topology\Star Topology\Source.cpp(59,22): warning C4305: 'argument': truncation from 'double' to 'GLfloat'
C:\Users\saifa\source\repos\Star Topology\Star Topology\Source.cpp(64,28): warning C4305: 'argument': truncation from 'double' to 'GLfloat'
C:\Users\saifa\source\repos\Star Topology\Star Topology\Source.cpp(65,22): warning C4305: 'argument': truncation from 'double' to 'GLfloat'
C:\Users\saifa\source\repos\Star Topology\Star Topology\Source.cpp(70,27): warning C4305: 'argument': truncation from 'double' to 'GLfloat'
C:\Users\saifa\source\repos\Star Topology\Star Topology\Source.cpp(71,22): warning C4305: 'argument': truncation from 'double' to 'GLfloat'
C:\Users\saifa\source\repos\Star Topology\Star Topology\Source.cpp(77,30): warning C4305: 'argument': truncation from 'double' to 'GLfloat'
C:\Users\saifa\source\repos\Star Topology\Star Topology\Source.cpp(79,25): warning C4305: 'argument': truncation from 'double' to 'GLfloat'
C:\Users\saifa\source\repos\Star Topology\Star Topology\Source.cpp(86,33): warning C4305: 'argument': truncation from 'double' to 'GLfloat'
C:\Users\saifa\source\repos\Star Topology\Star Topology\Source.cpp(88,27): warning C4305: 'argument': truncation from 'double' to 'GLfloat'
C:\Users\saifa\source\repos\Star Topology\Star Topology\Source.cpp(89,23): warning C4305: 'argument': truncation from 'double' to 'GLfloat'
C:\Users\saifa\source\repos\Star Topology\Star Topology\Source.cpp(91,30): warning C4305: 'argument': truncation from 'double' to 'GLfloat'
C:\Users\saifa\source\repos\Star Topology\Star Topology\Source.cpp(97,30): warning C4305: 'argument': truncation from 'double' to 'GLfloat'
C:\Users\saifa\source\repos\Star Topology\Star Topology\Source.cpp(134,30): warning C4305: 'argument': truncation from 'double' to 'GLfloat'
C:\Users\saifa\source\repos\Star Topology\Star Topology\Source.cpp(137,20): warning C4305: 'argument': truncation from 'double' to 'GLfloat'
C:\Users\saifa\source\repos\Star Topology\Star Topology\Source.cpp(138,27): warning C4305: 'argument': truncation from 'double' to 'GLfloat'
C:\Users\saifa\source\repos\Star Topology\Star Topology\Source.cpp(140,30): warning C4305: 'argument': truncation from 'double' to 'GLfloat'
C:\Users\saifa\source\repos\Star Topology\Star Topology\Source.cpp(145,28): warning C4305: 'argument': truncation from 'double' to 'GLfloat'
C:\Users\saifa\source\repos\Star Topology\Star Topology\Source.cpp(152,28): warning C4305: 'argument': truncation from 'double' to 'GLfloat'
C:\Users\saifa\source\repos\Star Topology\Star Topology\Source.cpp(153,30): warning C4305: 'argument': truncation from 'double' to 'GLfloat'
C:\Users\saifa\source\repos\Star Topology\Star Topology\Source.cpp(164,28): warning C4305: 'argument': truncation from 'double' to 'GLfloat'
C:\Users\saifa\source\repos\Star Topology\Star Topology\Source.cpp(165,30): warning C4305: 'argument': truncation from 'double' to 'GLfloat'
C:\Users\saifa\source\repos\Star Topology\Star Topology\Source.cpp(171,22): warning C4305: 'argument': truncation from 'double' to 'GLfloat'
C:\Users\saifa\source\repos\Star Topology\Star Topology\Source.cpp(172,29): warning C4305: 'argument': truncation from 'double' to 'GLfloat'
C:\Users\saifa\source\repos\Star Topology\Star Topology\Source.cpp(174,30): warning C4305: 'argument': truncation from 'double' to 'GLfloat'
C:\Users\saifa\source\repos\Star Topology\Star Topology\Source.cpp(179,22): warning C4305: 'argument': truncation from 'double' to 'GLfloat'
C:\Users\saifa\source\repos\Star Topology\Star Topology\Source.cpp(180,29): warning C4305: 'argument': truncation from 'double' to 'GLfloat'
C:\Users\saifa\source\repos\Star Topology\Star Topology\Source.cpp(182,30): warning C4305: 'argument': truncation from 'double' to 'GLfloat'
C:\Users\saifa\source\repos\Star Topology\Star Topology\Source.cpp(187,23): warning C4305: 'argument': truncation from 'double' to 'GLfloat'
C:\Users\saifa\source\repos\Star Topology\Star Topology\Source.cpp(188,30): warning C4305: 'argument': truncation from 'double' to 'GLfloat'
C:\Users\saifa\source\repos\Star Topology\Star Topology\Source.cpp(189,30): warning C4305: 'argument': truncation from 'double' to 'GLfloat'
C:\Users\saifa\source\repos\Star Topology\Star Topology\Source.cpp(194,23): warning C4305: 'argument': truncation from 'double' to 'GLfloat'
C:\Users\saifa\source\repos\Star Topology\Star Topology\Source.cpp(195,30): warning C4305: 'argument': truncation from 'double' to 'GLfloat'
C:\Users\saifa\source\repos\Star Topology\Star Topology\Source.cpp(197,30): warning C4305: 'argument': truncation from 'double' to 'GLfloat'
C:\Users\saifa\source\repos\Star Topology\Star Topology\Source.cpp(201,23): warning C4305: 'argument': truncation from 'double' to 'GLfloat'
C:\Users\saifa\source\repos\Star Topology\Star Topology\Source.cpp(202,30): warning C4305: 'argument': truncation from 'double' to 'GLfloat'
C:\Users\saifa\source\repos\Star Topology\Star Topology\Source.cpp(204,30): warning C4305: 'argument': truncation from 'double' to 'GLfloat'
C:\Users\saifa\source\repos\Star Topology\Star Topology\Source.cpp(214,36): warning C4305: 'argument': truncation from 'double' to 'GLfloat'
C:\Users\saifa\source\repos\Star Topology\Star Topology\Source.cpp(241,28): warning C4305: 'argument': truncation from 'double' to 'GLfloat'
C:\Users\saifa\source\repos\Star Topology\Star Topology\Source.cpp(248,27): warning C4305: 'argument': truncation from 'double' to 'GLfloat'
C:\Users\saifa\source\repos\Star Topology\Star Topology\Source.cpp(256,30): warning C4305: 'argument': truncation from 'double' to 'GLfloat'
C:\Users\saifa\source\repos\Star Topology\Star Topology\Source.cpp(270,29): warning C4305: 'argument': truncation from 'double' to 'GLfloat'
C:\Users\saifa\source\repos\Star Topology\Star Topology\Source.cpp(280,29): warning C4305: 'argument': truncation from 'double' to 'GLfloat'
C:\Users\saifa\source\repos\Star Topology\Star Topology\Source.cpp(287,29): warning C4305: 'argument': truncation from 'double' to 'GLfloat'
C:\Users\saifa\source\repos\Star Topology\Star Topology\Source.cpp(294,28): warning C4305: 'argument': truncation from 'double' to 'GLfloat'
C:\Users\saifa\source\repos\Star Topology\Star Topology\Source.cpp(312,25): warning C4305: 'argument': truncation from 'double' to 'GLfloat'
C:\Users\saifa\source\repos\Star Topology\Star Topology\Source.cpp(322,30): warning C4305: 'argument': truncation from 'double' to 'GLfloat'
C:\Users\saifa\source\repos\Star Topology\Star Topology\Source.cpp(324,25): warning C4305: 'argument': truncation from 'double' to 'GLfloat'
C:\Users\saifa\source\repos\Star Topology\Star Topology\Source.cpp(335,30): warning C4305: 'argument': truncation from 'double' to 'GLfloat'
C:\Users\saifa\source\repos\Star Topology\Star Topology\Source.cpp(337,23): warning C4305: 'argument': truncation from 'double' to 'GLfloat'
C:\Users\saifa\source\repos\Star Topology\Star Topology\Source.cpp(338,24): warning C4305: 'argument': truncation from 'double' to 'GLfloat'
C:\Users\saifa\source\repos\Star Topology\Star Topology\Source.cpp(340,30): warning C4305: 'argument': truncation from 'double' to 'GLfloat'
C:\Users\saifa\source\repos\Star Topology\Star Topology\Source.cpp(347,27): warning C4305: 'argument': truncation from 'double' to 'GLfloat'
C:\Users\saifa\source\repos\Star Topology\Star Topology\Source.cpp(348,30): warning C4305: 'argument': truncation from 'double' to 'GLfloat'
C:\Users\saifa\source\repos\Star Topology\Star Topology\Source.cpp(367,13): warning C4305: '=': truncation from 'double' to 'float'
C:\Users\saifa\source\repos\Star Topology\Star Topology\Source.cpp(367,25): warning C4305: '=': truncation from 'double' to 'float'
C:\Users\saifa\source\repos\Star Topology\Star Topology\Source.cpp(367,36): warning C4305: '=': truncation from 'double' to 'float'
C:\Users\saifa\source\repos\Star Topology\Star Topology\Source.cpp(372,14): warning C4305: '+=': truncation from 'double' to 'float'
C:\Users\saifa\source\repos\Star Topology\Star Topology\Source.cpp(374,15): warning C4305: '+=': truncation from 'double' to 'float'
C:\Users\saifa\source\repos\Star Topology\Star Topology\Source.cpp(378,15): warning C4305: '+=': truncation from 'double' to 'float'
C:\Users\saifa\source\repos\Star Topology\Star Topology\Source.cpp(396,15): warning C4305: '+=': truncation from 'double' to 'float'
C:\Users\saifa\source\repos\Star Topology\Star Topology\Source.cpp(398,15): warning C4305: '+=': truncation from 'double' to 'float'
C:\Users\saifa\source\repos\Star Topology\Star Topology\Source.cpp(402,15): warning C4305: '+=': truncation from 'double' to 'float'
C:\Users\saifa\source\repos\Star Topology\Star Topology\Source.cpp(407,15): warning C4305: '+=': truncation from 'double' to 'float'
C:\Users\saifa\source\repos\Star Topology\Star Topology\Source.cpp(412,15): warning C4305: '+=': truncation from 'double' to 'float'
C:\Users\saifa\source\repos\Star Topology\Star Topology\Source.cpp(442,15): warning C4305: '+=': truncation from 'double' to 'float'
C:\Users\saifa\source\repos\Star Topology\Star Topology\Source.cpp(444,15): warning C4305: '+=': truncation from 'double' to 'float'
C:\Users\saifa\source\repos\Star Topology\Star Topology\Source.cpp(448,16): warning C4305: '+=': truncation from 'double' to 'float'
C:\Users\saifa\source\repos\Star Topology\Star Topology\Source.cpp(453,16): warning C4305: '+=': truncation from 'double' to 'float'
C:\Users\saifa\source\repos\Star Topology\Star Topology\Source.cpp(458,16): warning C4305: '+=': truncation from 'double' to 'float'
C:\Users\saifa\source\repos\Star Topology\Star Topology\Source.cpp(484,21): warning C4305: '+=': truncation from 'double' to 'float'
C:\Users\saifa\source\repos\Star Topology\Star Topology\Source.cpp(486,21): warning C4305: '+=': truncation from 'double' to 'float'
C:\Users\saifa\source\repos\Star Topology\Star Topology\Source.cpp(488,21): warning C4305: '+=': truncation from 'double' to 'float'
C:\Users\saifa\source\repos\Star Topology\Star Topology\Source.cpp(490,23): warning C4305: '+=': truncation from 'double' to 'float'
C:\Users\saifa\source\repos\Star Topology\Star Topology\Source.cpp(494,21): warning C4305: '+=': truncation from 'double' to 'float'
C:\Users\saifa\source\repos\Star Topology\Star Topology\Source.cpp(504,14): warning C4305: '+=': truncation from 'double' to 'float'
C:\Users\saifa\source\repos\Star Topology\Star Topology\Source.cpp(507,21): warning C4305: '+=': truncation from 'double' to 'float'
C:\Users\saifa\source\repos\Star Topology\Star Topology\Source.cpp(523,25): warning C4305: 'argument': truncation from 'double' to 'GLfloat'
C:\Users\saifa\source\repos\Star Topology\Star Topology\Source.cpp(531,25): warning C4305: 'argument': truncation from 'double' to 'GLfloat'
C:\Users\saifa\source\repos\Star Topology\Star Topology\Source.cpp(608,27): warning C4305: 'argument': truncation from 'double' to 'GLfloat'
C:\Users\saifa\source\repos\Star Topology\Star Topology\Source.cpp(609,26): warning C4305: 'argument': truncation from 'double' to 'GLfloat'
C:\Users\saifa\source\repos\Star Topology\Star Topology\Source.cpp(617,27): warning C4305: 'argument': truncation from 'double' to 'GLfloat'
C:\Users\saifa\source\repos\Star Topology\Star Topology\Source.cpp(618,26): warning C4305: 'argument': truncation from 'double' to 'GLfloat'
C:\Users\saifa\source\repos\Star Topology\Star Topology\Source.cpp(626,27): warning C4305: 'argument': truncation from 'double' to 'GLfloat'
C:\Users\saifa\source\repos\Star Topology\Star Topology\Source.cpp(627,26): warning C4305: 'argument': truncation from 'double' to 'GLfloat'
C:\Users\saifa\source\repos\Star Topology\Star Topology\Source.cpp(635,36): warning C4305: 'initializing': truncation from 'double' to 'GLfloat'
C:\Users\saifa\source\repos\Star Topology\Star Topology\Source.cpp(645,52): warning C4305: 'initializing': truncation from 'double' to 'GLfloat'
C:\Users\saifa\source\repos\Star Topology\Star Topology\Source.cpp(659,24): warning C4305: 'argument': truncation from 'double' to 'GLfloat'
C:\Users\saifa\source\repos\Star Topology\Star Topology\Source.cpp(664,24): warning C4305: 'argument': truncation from 'double' to 'GLfloat'
C:\Users\saifa\source\repos\Star Topology\Star Topology\Source.cpp(675,24): warning C4305: 'argument': truncation from 'double' to 'GLfloat'
C:\Users\saifa\source\repos\Star Topology\Star Topology\Source.cpp(680,24): warning C4305: 'argument': truncation from 'double' to 'GLfloat'
C:\Users\saifa\source\repos\Star Topology\Star Topology\Source.cpp(690,24): warning C4305: 'argument': truncation from 'double' to 'GLfloat'
C:\Users\saifa\source\repos\Star Topology\Star Topology\Source.cpp(695,24): warning C4305: 'argument': truncation from 'double' to 'GLfloat'
C:\Users\saifa\source\repos\Star Topology\Star Topology\Source.cpp(705,24): warning C4305: 'argument': truncation from 'double' to 'GLfloat'
C:\Users\saifa\source\repos\Star Topology\Star Topology\Source.cpp(710,24): warning C4305: 'argument': truncation from 'double' to 'GLfloat'
C:\Users\saifa\source\repos\Star Topology\Star Topology\Source.cpp(718,49): warning C4305: 'argument': truncation from 'double' to 'float'
C:\Users\saifa\source\repos\Star Topology\Star Topology\Source.cpp(719,50): warning C4305: 'argument': truncation from 'double' to 'float'
C:\Users\saifa\source\repos\Star Topology\Star Topology\Source.cpp(720,44): warning C4305: 'argument': truncation from 'double' to 'float'
C:\Users\saifa\source\repos\Star Topology\Star Topology\Source.cpp(721,43): warning C4305: 'argument': truncation from 'double' to 'float'
C:\Users\saifa\source\repos\Star Topology\Star Topology\Source.cpp(726,40): warning C4305: 'argument': truncation from 'double' to 'float'
C:\Users\saifa\source\repos\Star Topology\Star Topology\Source.cpp(728,39): warning C4305: 'argument': truncation from 'double' to 'float'
C:\Users\saifa\source\repos\Star Topology\Star Topology\Source.cpp(752,31): warning C4305: 'argument': truncation from 'double' to 'GLfloat'
C:\Users\saifa\source\repos\Star Topology\Star Topology\Source.cpp(757,30): warning C4305: 'argument': truncation from 'double' to 'GLfloat'
C:\Users\saifa\source\repos\Star Topology\Star Topology\Source.cpp(807,25): warning C4305: 'argument': truncation from 'double' to 'float'
C:\Users\saifa\source\repos\Star Topology\Star Topology\Source.cpp(808,26): warning C4305: 'argument': truncation from 'double' to 'float'
C:\Users\saifa\source\repos\Star Topology\Star Topology\Source.cpp(809,28): warning C4305: 'argument': truncation from 'double' to 'float'
C:\Users\saifa\source\repos\Star Topology\Star Topology\Source.cpp(810,25): warning C4305: 'argument': truncation from 'double' to 'float'
C:\Users\saifa\source\repos\Star Topology\Star Topology\Source.cpp(820,33): warning C4305: 'argument': truncation from 'double' to 'GLclampf'
  Star Topology.vcxproj -> C:\Users\saifa\source\repos\Star Topology\Debug\Star Topology.exe
